c:\users\_pgm\desktop\ecg\framework-egc-master\visual studio\obj\x64\debug\framework_egc\texturemanager.obj
c:\users\_pgm\desktop\ecg\framework-egc-master\visual studio\obj\x64\debug\framework_egc\background.obj
c:\users\_pgm\desktop\ecg\framework-egc-master\visual studio\obj\x64\debug\framework_egc\camerainput.obj
c:\users\_pgm\desktop\ecg\framework-egc-master\visual studio\obj\x64\debug\framework_egc\pipes.obj
c:\users\_pgm\desktop\ecg\framework-egc-master\visual studio\obj\x64\debug\framework_egc\laborator5.obj
c:\users\_pgm\desktop\ecg\framework-egc-master\visual studio\obj\x64\debug\framework_egc\texture2d.obj
c:\users\_pgm\desktop\ecg\framework-egc-master\visual studio\obj\x64\debug\framework_egc\lettersndigits.obj
c:\users\_pgm\desktop\ecg\framework-egc-master\visual studio\obj\x64\debug\framework_egc\laborator6.obj
c:\users\_pgm\desktop\ecg\framework-egc-master\visual studio\obj\x64\debug\framework_egc\gl.obj
c:\users\_pgm\desktop\ecg\framework-egc-master\visual studio\obj\x64\debug\framework_egc\laborator9.obj
c:\users\_pgm\desktop\ecg\framework-egc-master\visual studio\obj\x64\debug\framework_egc\sceneinput.obj
c:\users\_pgm\desktop\ecg\framework-egc-master\visual studio\obj\x64\debug\framework_egc\tema1.obj
c:\users\_pgm\desktop\ecg\framework-egc-master\visual studio\obj\x64\debug\framework_egc\laborator7.obj
c:\users\_pgm\desktop\ecg\framework-egc-master\visual studio\obj\x64\debug\framework_egc\simplescene.obj
c:\users\_pgm\desktop\ecg\framework-egc-master\visual studio\obj\x64\debug\framework_egc\laborator3.obj
c:\users\_pgm\desktop\ecg\framework-egc-master\visual studio\obj\x64\debug\framework_egc\windowobject.obj
c:\users\_pgm\desktop\ecg\framework-egc-master\visual studio\obj\x64\debug\framework_egc\sea.obj
c:\users\_pgm\desktop\ecg\framework-egc-master\visual studio\obj\x64\debug\framework_egc\engine.obj
c:\users\_pgm\desktop\ecg\framework-egc-master\visual studio\obj\x64\debug\framework_egc\interface.obj
c:\users\_pgm\desktop\ecg\framework-egc-master\visual studio\obj\x64\debug\framework_egc\object2d.obj
c:\users\_pgm\desktop\ecg\framework-egc-master\visual studio\obj\x64\debug\framework_egc\main.obj
c:\users\_pgm\desktop\ecg\framework-egc-master\visual studio\obj\x64\debug\framework_egc\mesh.obj
c:\users\_pgm\desktop\ecg\framework-egc-master\visual studio\obj\x64\debug\framework_egc\tema2.obj
c:\users\_pgm\desktop\ecg\framework-egc-master\visual studio\obj\x64\debug\framework_egc\world.obj
c:\users\_pgm\desktop\ecg\framework-egc-master\visual studio\obj\x64\debug\framework_egc\items.obj
c:\users\_pgm\desktop\ecg\framework-egc-master\visual studio\obj\x64\debug\framework_egc\laborator8.obj
c:\users\_pgm\desktop\ecg\framework-egc-master\visual studio\obj\x64\debug\framework_egc\inputcontroller.obj
c:\users\_pgm\desktop\ecg\framework-egc-master\visual studio\obj\x64\debug\framework_egc\shader.obj
c:\users\_pgm\desktop\ecg\framework-egc-master\visual studio\obj\x64\debug\framework_egc\birds.obj
c:\users\_pgm\desktop\ecg\framework-egc-master\visual studio\obj\x64\debug\framework_egc\windowcallbacks.obj
c:\users\_pgm\desktop\ecg\framework-egc-master\visual studio\obj\x64\debug\framework_egc\clouds.obj
c:\users\_pgm\desktop\ecg\framework-egc-master\visual studio\obj\x64\debug\framework_egc\laborator2.obj
c:\users\_pgm\desktop\ecg\framework-egc-master\visual studio\obj\x64\debug\framework_egc\gpubuffers.obj
c:\users\_pgm\desktop\ecg\framework-egc-master\visual studio\obj\x64\debug\framework_egc\airplane.obj
c:\users\_pgm\desktop\ecg\framework-egc-master\visual studio\obj\x64\debug\framework_egc\laborator1.obj
c:\users\_pgm\desktop\ecg\framework-egc-master\visual studio\obj\x64\debug\framework_egc\laborator4.obj
c:\users\_pgm\desktop\ecg\framework-egc-master\visual studio\obj\x64\debug\framework_egc\laborator3_vis2d.obj
c:\users\_pgm\desktop\ecg\framework-egc-master\visual studio\obj\x64\debug\framework_egc\vc142.pdb
c:\users\ri_el\desktop\uni_bkup\ecg\framework-egc-master\x64\debug\framework_egc.ilk
c:\users\ri_el\desktop\uni_bkup\ecg\framework-egc-master\x64\debug\framework_egc.exe
c:\users\ri_el\desktop\uni_bkup\ecg\framework-egc-master\x64\debug\framework_egc.pdb
c:\users\_pgm\desktop\ecg\framework-egc-master\x64\debug\framework_egc.exe
c:\users\_pgm\desktop\ecg\framework-egc-master\x64\debug\framework_egc.ilk
c:\users\_pgm\desktop\ecg\framework-egc-master\x64\debug\framework_egc.pdb
c:\users\_pgm\desktop\ecg\flappybirdclone\visual studio\obj\x64\debug\framework_egc\airplane.obj
c:\users\_pgm\desktop\ecg\flappybirdclone\visual studio\obj\x64\debug\framework_egc\background.obj
c:\users\_pgm\desktop\ecg\flappybirdclone\visual studio\obj\x64\debug\framework_egc\birds.obj
c:\users\_pgm\desktop\ecg\flappybirdclone\visual studio\obj\x64\debug\framework_egc\camerainput.obj
c:\users\_pgm\desktop\ecg\flappybirdclone\visual studio\obj\x64\debug\framework_egc\clouds.obj
c:\users\_pgm\desktop\ecg\flappybirdclone\visual studio\obj\x64\debug\framework_egc\engine.obj
c:\users\_pgm\desktop\ecg\flappybirdclone\visual studio\obj\x64\debug\framework_egc\gl.obj
c:\users\_pgm\desktop\ecg\flappybirdclone\visual studio\obj\x64\debug\framework_egc\gpubuffers.obj
c:\users\_pgm\desktop\ecg\flappybirdclone\visual studio\obj\x64\debug\framework_egc\inputcontroller.obj
c:\users\_pgm\desktop\ecg\flappybirdclone\visual studio\obj\x64\debug\framework_egc\interface.obj
c:\users\_pgm\desktop\ecg\flappybirdclone\visual studio\obj\x64\debug\framework_egc\items.obj
c:\users\_pgm\desktop\ecg\flappybirdclone\visual studio\obj\x64\debug\framework_egc\laborator1.obj
c:\users\_pgm\desktop\ecg\flappybirdclone\visual studio\obj\x64\debug\framework_egc\laborator2.obj
c:\users\_pgm\desktop\ecg\flappybirdclone\visual studio\obj\x64\debug\framework_egc\laborator3.obj
c:\users\_pgm\desktop\ecg\flappybirdclone\visual studio\obj\x64\debug\framework_egc\laborator3_vis2d.obj
c:\users\_pgm\desktop\ecg\flappybirdclone\visual studio\obj\x64\debug\framework_egc\laborator4.obj
c:\users\_pgm\desktop\ecg\flappybirdclone\visual studio\obj\x64\debug\framework_egc\laborator5.obj
c:\users\_pgm\desktop\ecg\flappybirdclone\visual studio\obj\x64\debug\framework_egc\laborator6.obj
c:\users\_pgm\desktop\ecg\flappybirdclone\visual studio\obj\x64\debug\framework_egc\laborator7.obj
c:\users\_pgm\desktop\ecg\flappybirdclone\visual studio\obj\x64\debug\framework_egc\laborator8.obj
c:\users\_pgm\desktop\ecg\flappybirdclone\visual studio\obj\x64\debug\framework_egc\laborator9.obj
c:\users\_pgm\desktop\ecg\flappybirdclone\visual studio\obj\x64\debug\framework_egc\lettersndigits.obj
c:\users\_pgm\desktop\ecg\flappybirdclone\visual studio\obj\x64\debug\framework_egc\main.obj
c:\users\_pgm\desktop\ecg\flappybirdclone\visual studio\obj\x64\debug\framework_egc\mesh.obj
c:\users\_pgm\desktop\ecg\flappybirdclone\visual studio\obj\x64\debug\framework_egc\object2d.obj
c:\users\_pgm\desktop\ecg\flappybirdclone\visual studio\obj\x64\debug\framework_egc\pipes.obj
c:\users\_pgm\desktop\ecg\flappybirdclone\visual studio\obj\x64\debug\framework_egc\sceneinput.obj
c:\users\_pgm\desktop\ecg\flappybirdclone\visual studio\obj\x64\debug\framework_egc\sea.obj
c:\users\_pgm\desktop\ecg\flappybirdclone\visual studio\obj\x64\debug\framework_egc\shader.obj
c:\users\_pgm\desktop\ecg\flappybirdclone\visual studio\obj\x64\debug\framework_egc\simplescene.obj
c:\users\_pgm\desktop\ecg\flappybirdclone\visual studio\obj\x64\debug\framework_egc\tema1.obj
c:\users\_pgm\desktop\ecg\flappybirdclone\visual studio\obj\x64\debug\framework_egc\tema2.obj
c:\users\_pgm\desktop\ecg\flappybirdclone\visual studio\obj\x64\debug\framework_egc\tema3.obj
c:\users\_pgm\desktop\ecg\flappybirdclone\visual studio\obj\x64\debug\framework_egc\texture2d.obj
c:\users\_pgm\desktop\ecg\flappybirdclone\visual studio\obj\x64\debug\framework_egc\texturemanager.obj
c:\users\_pgm\desktop\ecg\flappybirdclone\visual studio\obj\x64\debug\framework_egc\windowcallbacks.obj
c:\users\_pgm\desktop\ecg\flappybirdclone\visual studio\obj\x64\debug\framework_egc\windowobject.obj
c:\users\_pgm\desktop\ecg\flappybirdclone\visual studio\obj\x64\debug\framework_egc\world.obj
c:\users\_pgm\desktop\ecg\flappybirdclone\visual studio\obj\x64\debug\framework_egc\wurm.obj
c:\users\_pgm\desktop\ecg\flappybirdclone\visual studio\obj\x64\debug\framework_egc\vc141.pdb
c:\users\_pgm\desktop\ecg\flappybirdclone\visual studio\obj\x64\debug\framework_egc\vc142.pdb
c:\users\_pgm\desktop\ecg\flappybirdclone\visual studio\obj\x64\debug\framework_egc\framework_egc.tlog\cl.command.1.tlog
c:\users\_pgm\desktop\ecg\flappybirdclone\visual studio\obj\x64\debug\framework_egc\framework_egc.tlog\cl.read.1.tlog
c:\users\_pgm\desktop\ecg\flappybirdclone\visual studio\obj\x64\debug\framework_egc\framework_egc.tlog\cl.write.1.tlog
c:\users\_pgm\desktop\ecg\flappybirdclone\visual studio\obj\x64\debug\framework_egc\framework_egc.tlog\link.command.1.tlog
c:\users\_pgm\desktop\ecg\flappybirdclone\visual studio\obj\x64\debug\framework_egc\framework_egc.tlog\link.read.1.tlog
c:\users\_pgm\desktop\ecg\flappybirdclone\visual studio\obj\x64\debug\framework_egc\framework_egc.tlog\link.write.1.tlog
